{"level":"info","message":"Product service is running on port 1235","timestamp":"2025-11-06T05:40:40.323Z"}
{"level":"info","message":"MongoDB connected successfully","timestamp":"2025-11-06T05:40:40.395Z"}
{"level":"info","message":"Connected to RabbitMQ","timestamp":"2025-11-06T05:40:40.422Z"}
{"level":"info","message":"Waiting for messages in productQueue...","timestamp":"2025-11-06T05:40:40.445Z"}
{"level":"info","message":"Waiting for messages in queue:","timestamp":"2025-11-06T05:40:40.446Z"}
{"$__":{"$versionError":null,"activePaths":{"paths":{"brand":"require","category":"require","description":"require","imageUrl":"require","name":"require","price":"require","stock":"require"},"states":{"default":{},"modify":{},"require":{"brand":true,"category":true,"description":true,"imageUrl":true,"name":true,"price":true,"stock":true}}},"backup":{"activePaths":{"default":{"_id":true,"rating.average":true,"rating.count":true},"modify":{"brand":true,"category":true,"description":true,"imageUrl":true,"name":true,"price":true,"stock":true}},"validationError":null},"cachedRequired":{},"inserting":true,"op":null,"saveOptions":null,"savedState":{},"saving":null,"validating":null},"$isNew":false,"_doc":{"__v":0,"_id":"690c358e433c7f4329dddee0","brand":"Apple","category":"Electronics","description":"Water-resistant smartwatch with heart rate monitoring, GPS, and customizable watch faces.","imageUrl":"https://example.com/images/smartwatch.jpg","name":"Smartwatch","price":4999,"rating":{"average":0,"count":0},"stock":30},"level":"info","message":"Product added successfully:","timestamp":"2025-11-06T05:43:42.978Z"}
{"$__":{"$versionError":null,"activePaths":{"paths":{"brand":"require","category":"require","description":"require","imageUrl":"require","name":"require","price":"require","stock":"require"},"states":{"default":{},"modify":{},"require":{"brand":true,"category":true,"description":true,"imageUrl":true,"name":true,"price":true,"stock":true}}},"backup":{"activePaths":{"default":{"_id":true,"rating.average":true,"rating.count":true},"modify":{"brand":true,"category":true,"description":true,"imageUrl":true,"name":true,"price":true,"stock":true}},"validationError":null},"cachedRequired":{},"inserting":true,"op":null,"saveOptions":null,"savedState":{},"saving":null,"validating":null},"$isNew":false,"_doc":{"__v":0,"_id":"690c35b6433c7f4329dddee2","brand":"Apple","category":"Electronics","description":"Water-resistant smartwatch with heart rate monitoring, GPS, and customizable watch faces.","imageUrl":"https://example.com/images/smartwatch.jpg","name":"MacBook","price":900000,"rating":{"average":0,"count":0},"stock":30},"level":"info","message":"Product added successfully:","timestamp":"2025-11-06T05:44:22.946Z"}
{"address":"127.0.0.1","code":"ECONNREFUSED","errno":-111,"level":"error","message":"Redis connection error: connect ECONNREFUSED 127.0.0.1:6379","port":6379,"stack":"Error: connect ECONNREFUSED 127.0.0.1:6379\n    at TCPConnectWrap.afterConnect [as oncomplete] (node:net:1611:16)","syscall":"connect","timestamp":"2025-11-06T05:49:12.960Z"}
{"level":"info","message":"Product service is running on port 1235","timestamp":"2025-11-06T06:01:01.848Z"}
{"level":"info","message":"MongoDB connected successfully","timestamp":"2025-11-06T06:01:01.913Z"}
{"level":"info","message":"Connected to RabbitMQ","timestamp":"2025-11-06T06:01:01.937Z"}
{"level":"info","message":"Waiting for messages in productQueue...","timestamp":"2025-11-06T06:01:01.956Z"}
{"level":"info","message":"Waiting for messages in queue:","timestamp":"2025-11-06T06:01:01.957Z"}
{"0":{"__v":0,"_id":"690c358e433c7f4329dddee0","brand":"Apple","category":"Electronics","description":"Water-resistant smartwatch with heart rate monitoring, GPS, and customizable watch faces.","imageUrl":"https://example.com/images/smartwatch.jpg","name":"Smartwatch","price":4999,"rating":{"average":0,"count":0},"stock":30},"1":{"__v":0,"_id":"690c35b6433c7f4329dddee2","brand":"Apple","category":"Electronics","description":"Water-resistant smartwatch with heart rate monitoring, GPS, and customizable watch faces.","imageUrl":"https://example.com/images/smartwatch.jpg","name":"MacBook","price":900000,"rating":{"average":0,"count":0},"stock":30},"level":"info","message":"Products fetched successfully:","timestamp":"2025-11-06T06:04:50.595Z"}
{"address":"127.0.0.1","code":"ECONNREFUSED","errno":-111,"level":"error","message":"Redis connection error: connect ECONNREFUSED 127.0.0.1:6379","port":6379,"stack":"Error: connect ECONNREFUSED 127.0.0.1:6379\n    at TCPConnectWrap.afterConnect [as oncomplete] (node:net:1611:16)","syscall":"connect","timestamp":"2025-11-06T06:06:09.688Z"}
{"level":"info","message":"Product service is running on port 1235","timestamp":"2025-11-06T06:12:01.155Z"}
{"level":"info","message":"MongoDB connected successfully","timestamp":"2025-11-06T06:12:01.221Z"}
{"level":"info","message":"Connected to RabbitMQ","timestamp":"2025-11-06T06:12:01.246Z"}
{"level":"info","message":"Waiting for messages in productQueue...","timestamp":"2025-11-06T06:12:01.252Z"}
{"level":"info","message":"Waiting for messages in queue:","timestamp":"2025-11-06T06:12:01.253Z"}
{"level":"info","message":"Product service is running on port 1235","timestamp":"2025-11-06T06:16:01.824Z"}
{"level":"info","message":"MongoDB connected successfully","timestamp":"2025-11-06T06:16:01.876Z"}
{"level":"info","message":"Connected to RabbitMQ","timestamp":"2025-11-06T06:16:01.904Z"}
{"level":"info","message":"Waiting for messages in productQueue...","timestamp":"2025-11-06T06:16:01.909Z"}
{"level":"info","message":"Waiting for messages in queue:","timestamp":"2025-11-06T06:16:01.911Z"}
{"level":"info","message":"Product service is running on port 1235","timestamp":"2025-11-06T06:20:27.726Z"}
{"level":"info","message":"MongoDB connected successfully","timestamp":"2025-11-06T06:20:27.777Z"}
{"level":"info","message":"Connected to RabbitMQ","timestamp":"2025-11-06T06:20:27.805Z"}
{"level":"info","message":"Waiting for messages in productQueue...","timestamp":"2025-11-06T06:20:27.809Z"}
{"level":"info","message":"Waiting for messages in queue:","timestamp":"2025-11-06T06:20:27.810Z"}
{"level":"info","message":"Received message from queue:","reason":"socket hang up","status":"FAILURE","timestamp":"2025-11-06T06:20:27.813Z","type":"ORDER_RESULT","userEmail":"offical.utkarshsingh@gmail.com","userId":"690c3a582839fef3f70465b7"}
